<?xml version="1.0" encoding="UTF-8"?>
<testsuite name="com.example.guestbook.service.GuestbookServiceTest" tests="1" skipped="0" failures="0" errors="0" timestamp="2025-01-07T02:01:46" hostname="mqnicui-MacBookPro.local" time="1.253">
  <properties/>
  <testcase name="testSearch()" classname="com.example.guestbook.service.GuestbookServiceTest" time="1.253"/>
  <system-out><![CDATA[18:01:42.946 [Test worker] INFO org.springframework.test.context.support.AnnotationConfigContextLoaderUtils -- Could not detect default configuration classes for test class [com.example.guestbook.service.GuestbookServiceTest]: GuestbookServiceTest does not declare any static, non-private, non-final, nested classes annotated with @Configuration.
18:01:43.092 [Test worker] INFO org.springframework.boot.test.context.SpringBootTestContextBootstrapper -- Found @SpringBootConfiguration com.example.guestbook.GuestbookApplication for test class com.example.guestbook.service.GuestbookServiceTest

  .   ____          _            __ _ _
 /\\ / ___'_ __ _ _(_)_ __  __ _ \ \ \ \
( ( )\___ | '_ | '_| | '_ \/ _` | \ \ \ \
 \\/  ___)| |_)| | | | | || (_| |  ) ) ) )
  '  |____| .__|_| |_|_| |_\__, | / / / /
 =========|_|==============|___/=/_/_/_/

 :: Spring Boot ::                (v3.4.1)

2025-01-06T18:01:43.468-08:00  INFO 3537 --- [    Test worker] c.e.g.service.GuestbookServiceTest       : Starting GuestbookServiceTest using Java 23.0.1 with PID 3537 (started by mqnic in /Users/mqnic/Downloads/guestbook 2)
2025-01-06T18:01:43.470-08:00  INFO 3537 --- [    Test worker] c.e.g.service.GuestbookServiceTest       : No active profile set, falling back to 1 default profile: "default"
2025-01-06T18:01:44.107-08:00  INFO 3537 --- [    Test worker] .s.d.r.c.RepositoryConfigurationDelegate : Bootstrapping Spring Data JPA repositories in DEFAULT mode.
2025-01-06T18:01:44.163-08:00  INFO 3537 --- [    Test worker] .s.d.r.c.RepositoryConfigurationDelegate : Finished Spring Data repository scanning in 47 ms. Found 1 JPA repository interface.
2025-01-06T18:01:44.681-08:00  INFO 3537 --- [    Test worker] o.hibernate.jpa.internal.util.LogHelper  : HHH000204: Processing PersistenceUnitInfo [name: default]
2025-01-06T18:01:44.733-08:00  INFO 3537 --- [    Test worker] org.hibernate.Version                    : HHH000412: Hibernate ORM core version 6.6.4.Final
2025-01-06T18:01:44.770-08:00  INFO 3537 --- [    Test worker] o.h.c.internal.RegionFactoryInitiator    : HHH000026: Second-level cache disabled
2025-01-06T18:01:45.035-08:00  INFO 3537 --- [    Test worker] o.s.o.j.p.SpringPersistenceUnitInfo      : No LoadTimeWeaver setup: ignoring JPA class transformer
2025-01-06T18:01:45.063-08:00  INFO 3537 --- [    Test worker] com.zaxxer.hikari.HikariDataSource       : HikariPool-1 - Starting...
2025-01-06T18:01:45.155-08:00  INFO 3537 --- [    Test worker] com.zaxxer.hikari.pool.HikariPool        : HikariPool-1 - Added connection org.mariadb.jdbc.Connection@7ee64b53
2025-01-06T18:01:45.157-08:00  INFO 3537 --- [    Test worker] com.zaxxer.hikari.HikariDataSource       : HikariPool-1 - Start completed.
2025-01-06T18:01:45.212-08:00  INFO 3537 --- [    Test worker] org.hibernate.orm.connections.pooling    : HHH10001005: Database info:
	Database JDBC URL [Connecting through datasource 'HikariDataSource (HikariPool-1)']
	Database driver: undefined/unknown
	Database version: 11.6.2
	Autocommit mode: undefined/unknown
	Isolation level: undefined/unknown
	Minimum pool size: undefined/unknown
	Maximum pool size: undefined/unknown
2025-01-06T18:01:45.918-08:00  INFO 3537 --- [    Test worker] o.h.e.t.j.p.i.JtaPlatformInitiator       : HHH000489: No JTA platform available (set 'hibernate.transaction.jta.platform' to enable JTA platform integration)
2025-01-06T18:01:45.956-08:00  INFO 3537 --- [    Test worker] j.LocalContainerEntityManagerFactoryBean : Initialized JPA EntityManagerFactory for persistence unit 'default'
2025-01-06T18:01:46.385-08:00  WARN 3537 --- [    Test worker] JpaBaseConfiguration$JpaWebConfiguration : spring.jpa.open-in-view is enabled by default. Therefore, database queries may be performed during view rendering. Explicitly configure spring.jpa.open-in-view to disable this warning
2025-01-06T18:01:46.410-08:00  INFO 3537 --- [    Test worker] o.s.b.a.w.s.WelcomePageHandlerMapping    : Adding welcome page: class path resource [static/index.html]
2025-01-06T18:01:46.787-08:00  INFO 3537 --- [    Test worker] c.e.g.service.GuestbookServiceTest       : Started GuestbookServiceTest in 3.54 seconds (process running for 4.862)
Hibernate: 
    select
        g1_0.gno,
        g1_0.content,
        g1_0.moddate,
        g1_0.regdate,
        g1_0.title,
        g1_0.writer 
    from
        guestbook g1_0 
    where
        g1_0.gno>? 
        and (
            g1_0.title like ? escape '!' 
            or g1_0.content like ? escape '!'
        ) 
    order by
        g1_0.gno desc 
    limit
        ?, ?
PREV: false
NEXT: false
TOTAL: 1
----------------------------------------
GuestbookDTO(gno=302, title=수정 테스트, content=수정 테스트 내용 , writer=tester, regDate=2025-01-06T15:28:12.840174, modDate=2025-01-06T17:34:53.155154)
========================================
1
]]></system-out>
  <system-err><![CDATA[Mockito is currently self-attaching to enable the inline-mock-maker. This will no longer work in future releases of the JDK. Please add Mockito as an agent to your build what is described in Mockito's documentation: https://javadoc.io/doc/org.mockito/mockito-core/latest/org/mockito/Mockito.html#0.3
WARNING: A Java agent has been loaded dynamically (/Users/mqnic/.gradle/caches/modules-2/files-2.1/net.bytebuddy/byte-buddy-agent/1.15.11/a38b16385e867f59a641330f0362ebe742788ed8/byte-buddy-agent-1.15.11.jar)
WARNING: If a serviceability tool is in use, please run with -XX:+EnableDynamicAgentLoading to hide this warning
WARNING: If a serviceability tool is not in use, please run with -Djdk.instrument.traceUsage for more information
WARNING: Dynamic loading of agents will be disallowed by default in a future release
]]></system-err>
</testsuite>
